# JRE version: OpenJDK Runtime Environment (21.0.7) (build 21.0.7+-13880790-b1038.58)
# Java VM: OpenJDK 64-Bit Server VM (21.0.7+-13880790-b1038.58, mixed mode, tiered, compressed oops, compressed class ptrs, g1 gc, windows-amd64)
GC Precious Log:
 CardTable entry size: 512
 Card Set container configuration: InlinePtr #cards 5 size 8 Array Of Cards #cards 12 size 40 Howl #buckets 4 coarsen threshold 1843 Howl Bitmap #cards 512 size 80 coarsen threshold 460 Card regions per heap region 1 cards per card region 2048
 CPUs: 4 total, 4 available
 Memory: 8067M
 Large Page Support: Disabled
 NUMA Support: Disabled
 Compressed Oops: Enabled (32-bit)
 Heap Region Size: 1M
 Heap Min Capacity: 8M
 Heap Initial Capacity: 128M
 Heap Max Capacity: 2G
 Pre-touch: Disabled
 Parallel Workers: 4
 Concurrent Workers: 1
 Concurrent Refinement Workers: 4
 Periodic GC: Disabled
Heap:
 garbage-first heap   total 307200K, used 224768K [0x0000000080000000, 0x0000000100000000)
  region size 1024K, 9 young (9216K), 9 survivors (9216K)
 Metaspace       used 66215K, committed 67712K, reserved 1114112K
  class space    used 9053K, committed 9792K, reserved 1048576K
GC Heap History (20 events):
Event: 85.207 GC heap after
{Heap after GC invocations=66 (full 0):
 garbage-first heap   total 174080K, used 111123K [0x0000000080000000, 0x0000000100000000)
  region size 1024K, 5 young (5120K), 5 survivors (5120K)
 Metaspace       used 65873K, committed 67328K, reserved 1114112K
  class space    used 9055K, committed 9792K, reserved 1048576K
}
Event: 86.356 GC heap before
{Heap before GC invocations=67 (full 0):
 garbage-first heap   total 186368K, used 158227K [0x0000000080000000, 0x0000000100000000)
  region size 1024K, 51 young (52224K), 5 survivors (5120K)
 Metaspace       used 65863K, committed 67328K, reserved 1114112K
  class space    used 9051K, committed 9792K, reserved 1048576K
}
Event: 86.364 GC heap after
{Heap after GC invocations=68 (full 0):
 garbage-first heap   total 186368K, used 113724K [0x0000000080000000, 0x0000000100000000)
  region size 1024K, 5 young (5120K), 5 survivors (5120K)
 Metaspace       used 65863K, committed 67328K, reserved 1114112K
  class space    used 9051K, committed 9792K, reserved 1048576K
}
Event: 87.859 GC heap before
{Heap before GC invocations=68 (full 0):
 garbage-first heap   total 186368K, used 174140K [0x0000000080000000, 0x0000000100000000)
  region size 1024K, 60 young (61440K), 5 survivors (5120K)
 Metaspace       used 65866K, committed 67328K, reserved 1114112K
  class space    used 9051K, committed 9792K, reserved 1048576K
}
Event: 87.922 GC heap after
{Heap after GC invocations=69 (full 0):
 garbage-first heap   total 207872K, used 144384K [0x0000000080000000, 0x0000000100000000)
  region size 1024K, 8 young (8192K), 8 survivors (8192K)
 Metaspace       used 65866K, committed 67328K, reserved 1114112K
  class space    used 9051K, committed 9792K, reserved 1048576K
}
Event: 88.846 GC heap before
{Heap before GC invocations=69 (full 0):
 garbage-first heap   total 207872K, used 172032K [0x0000000080000000, 0x0000000100000000)
  region size 1024K, 37 young (37888K), 8 survivors (8192K)
 Metaspace       used 65938K, committed 67456K, reserved 1114112K
  class space    used 9052K, committed 9792K, reserved 1048576K
}
Event: 88.900 GC heap after
{Heap after GC invocations=70 (full 0):
 garbage-first heap   total 307200K, used 166400K [0x0000000080000000, 0x0000000100000000)
  region size 1024K, 6 young (6144K), 6 survivors (6144K)
 Metaspace       used 65938K, committed 67456K, reserved 1114112K
  class space    used 9052K, committed 9792K, reserved 1048576K
}
Event: 91.529 GC heap before
{Heap before GC invocations=70 (full 0):
 garbage-first heap   total 307200K, used 238080K [0x0000000080000000, 0x0000000100000000)
  region size 1024K, 74 young (75776K), 6 survivors (6144K)
 Metaspace       used 66128K, committed 67584K, reserved 1114112K
  class space    used 9053K, committed 9792K, reserved 1048576K
}
Event: 91.580 GC heap after
{Heap after GC invocations=71 (full 0):
 garbage-first heap   total 307200K, used 181248K [0x0000000080000000, 0x0000000100000000)
  region size 1024K, 10 young (10240K), 10 survivors (10240K)
 Metaspace       used 66128K, committed 67584K, reserved 1114112K
  class space    used 9053K, committed 9792K, reserved 1048576K
}
Event: 92.244 GC heap before
{Heap before GC invocations=71 (full 0):
 garbage-first heap   total 307200K, used 245760K [0x0000000080000000, 0x0000000100000000)
  region size 1024K, 74 young (75776K), 10 survivors (10240K)
 Metaspace       used 66183K, committed 67648K, reserved 1114112K
  class space    used 9053K, committed 9792K, reserved 1048576K
}
Event: 92.285 GC heap after
{Heap after GC invocations=72 (full 0):
 garbage-first heap   total 307200K, used 195584K [0x0000000080000000, 0x0000000100000000)
  region size 1024K, 10 young (10240K), 10 survivors (10240K)
 Metaspace       used 66183K, committed 67648K, reserved 1114112K
  class space    used 9053K, committed 9792K, reserved 1048576K
}
Event: 92.288 GC heap before
{Heap before GC invocations=72 (full 0):
 garbage-first heap   total 307200K, used 196608K [0x0000000080000000, 0x0000000100000000)
  region size 1024K, 12 young (12288K), 10 survivors (10240K)
 Metaspace       used 66183K, committed 67648K, reserved 1114112K
  class space    used 9053K, committed 9792K, reserved 1048576K
}
Event: 92.305 GC heap after
{Heap after GC invocations=73 (full 0):
 garbage-first heap   total 307200K, used 197598K [0x0000000080000000, 0x0000000100000000)
  region size 1024K, 2 young (2048K), 2 survivors (2048K)
 Metaspace       used 66183K, committed 67648K, reserved 1114112K
  class space    used 9053K, committed 9792K, reserved 1048576K
}
Event: 92.814 GC heap before
{Heap before GC invocations=73 (full 0):
 garbage-first heap   total 307200K, used 237534K [0x0000000080000000, 0x0000000100000000)
  region size 1024K, 58 young (59392K), 2 survivors (2048K)
 Metaspace       used 66190K, committed 67648K, reserved 1114112K
  class space    used 9053K, committed 9792K, reserved 1048576K
}
Event: 92.842 GC heap after
{Heap after GC invocations=74 (full 0):
 garbage-first heap   total 307200K, used 192512K [0x0000000080000000, 0x0000000100000000)
  region size 1024K, 8 young (8192K), 8 survivors (8192K)
 Metaspace       used 66190K, committed 67648K, reserved 1114112K
  class space    used 9053K, committed 9792K, reserved 1048576K
}
Event: 93.476 GC heap before
{Heap before GC invocations=75 (full 0):
 garbage-first heap   total 307200K, used 256000K [0x0000000080000000, 0x0000000100000000)
  region size 1024K, 69 young (70656K), 8 survivors (8192K)
 Metaspace       used 66211K, committed 67712K, reserved 1114112K
  class space    used 9053K, committed 9792K, reserved 1048576K
}
Event: 93.537 GC heap after
{Heap after GC invocations=76 (full 0):
 garbage-first heap   total 307200K, used 208384K [0x0000000080000000, 0x0000000100000000)
  region size 1024K, 9 young (9216K), 9 survivors (9216K)
 Metaspace       used 66211K, committed 67712K, reserved 1114112K
  class space    used 9053K, committed 9792K, reserved 1048576K
}
Event: 93.808 GC heap before
{Heap before GC invocations=76 (full 0):
 garbage-first heap   total 307200K, used 263680K [0x0000000080000000, 0x0000000100000000)
  region size 1024K, 62 young (63488K), 9 survivors (9216K)
 Metaspace       used 66211K, committed 67712K, reserved 1114112K
  class space    used 9053K, committed 9792K, reserved 1048576K
}
Event: 93.871 GC heap after
{Heap after GC invocations=77 (full 0):
 garbage-first heap   total 307200K, used 201216K [0x0000000080000000, 0x0000000100000000)
  region size 1024K, 8 young (8192K), 8 survivors (8192K)
 Metaspace       used 66211K, committed 67712K, reserved 1114112K
  class space    used 9053K, committed 9792K, reserved 1048576K
}
Event: 94.759 GC heap before
{Heap before GC invocations=77 (full 0):
 garbage-first heap   total 307200K, used 254464K [0x0000000080000000, 0x0000000100000000)
  region size 1024K, 62 young (63488K), 8 survivors (8192K)
 Metaspace       used 66215K, committed 67712K, reserved 1114112K
  class space    used 9053K, committed 9792K, reserved 1048576K
}

